Running: D:\ProgramData\Xilinx\14.7\ISE_DS\ISE\bin\nt64\unwrapped\fuse.exe -intstyle ise -incremental -lib unisims_ver -lib unimacro_ver -lib xilinxcorelib_ver -lib secureip -o D:/Workers/Xilinx/Lab05_2/Lab05_2Schematic_Lab05_2Schematic_sch_tb_isim_beh.exe -prj D:/Workers/Xilinx/Lab05_2/Lab05_2Schematic_Lab05_2Schematic_sch_tb_beh.prj work.Lab05_2Schematic_Lab05_2Schematic_sch_tb work.glbl 
ISim P.20131013 (signature 0x7708f090)
Number of CPUs detected in this system: 8
Turning on mult-threading, number of parallel sub-compilation jobs: 16 
Determining compilation order of HDL files
Analyzing Verilog file "D:/Workers/Xilinx/Lab05_2/Lab05_2Schematic.vf" into library work
Analyzing Verilog file "D:/Workers/Xilinx/Lab05_2/Lab05_2Veriliog.v" into library work
Analyzing Verilog file "D:/ProgramData/Xilinx/14.7/ISE_DS/ISE//verilog/src/glbl.v" into library work
Starting static elaboration
Completed static elaboration
Compiling module FJKC_HXILINX_Lab05_2Schematic
Compiling module GND
Compiling module AND2
Compiling module VCC
Compiling module OR2
Compiling module Lab05_2Schematic
Compiling module Lab05_2Schematic_Lab05_2Schemati...
Compiling module glbl
Time Resolution for simulation is 1ps.
Waiting for 1 sub-compilation(s) to finish...
Compiled 8 Verilog Units
Built simulation executable D:/Workers/Xilinx/Lab05_2/Lab05_2Schematic_Lab05_2Schematic_sch_tb_isim_beh.exe
Fuse Memory Usage: 27216 KB
Fuse CPU Usage: 343 ms
