ISim log file
Running: D:\Workers\Xilinx\Lab05_2\Lab05_2Schematic_Lab05_2Schematic_sch_tb_isim_beh.exe -intstyle ise -gui -tclbatch isim.cmd -wdb D:/Workers/Xilinx/Lab05_2/Lab05_2Schematic_Lab05_2Schematic_sch_tb_isim_beh.wdb 
ISim P.20131013 (signature 0x7708f090)
This is a Full version of ISim.
Time resolution is 1 ps
# onerror resume
# wave add /
# run 1000 ns
Simulator is doing circuit initialization process.
Finished circuit initialization process.
0 0 1
0 1 0
0 1 1
1 0 0
1 0 1
1 1 0
0 0 1
0 1 0
0 1 1
1 0 0
Stopped at time : 200 ns : File "D:/Workers/Xilinx/Lab05_2/Lab05_2Veriliog.v" Line 28
