--------------------------------------------------------------------------------
Release 14.7 Trace  (nt64)
Copyright (c) 1995-2013 Xilinx, Inc.  All rights reserved.

D:\ProgramData\Xilinx\14.7\ISE_DS\ISE\bin\nt64\unwrapped\trce.exe -intstyle ise
-v 3 -s 3 -n 3 -fastpaths -xml Lab05_1.twx Lab05_1.ncd -o Lab05_1.twr
Lab05_1.pcf

Design file:              Lab05_1.ncd
Physical constraint file: Lab05_1.pcf
Device,package,speed:     xc6slx9,tqg144,C,-3 (PRODUCTION 1.23 2013-10-13)
Report level:             verbose report

Environment Variable      Effect 
--------------------      ------ 
NONE                      No environment variables were set
--------------------------------------------------------------------------------

INFO:Timing:2698 - No timing constraints found, doing default enumeration.
INFO:Timing:3412 - To improve timing, see the Timing Closure User Guide (UG612).
INFO:Timing:2752 - To get complete path coverage, use the unconstrained paths 
   option. All paths that are not constrained will be reported in the 
   unconstrained paths section(s) of the report.
INFO:Timing:3339 - The clock-to-out numbers in this timing report are based on 
   a 50 Ohm transmission line loading model.  For the details of this model, 
   and for more information on accounting for different loading conditions, 
   please see the device datasheet.



Data Sheet report:
-----------------
All values displayed in nanoseconds (ns)

Pad to Pad
---------------+---------------+---------+
Source Pad     |Destination Pad|  Delay  |
---------------+---------------+---------+
W              |a              |    6.693|
W              |d              |    6.239|
W              |f              |    7.104|
W              |g              |    6.604|
X              |a              |    7.106|
X              |b              |    6.800|
X              |c              |    6.871|
X              |d              |    6.631|
X              |e              |    7.504|
X              |f              |    7.380|
X              |g              |    6.811|
Y              |a              |    5.819|
Y              |b              |    7.069|
Y              |c              |    6.673|
Y              |d              |    6.749|
Y              |e              |    6.427|
Y              |f              |    6.651|
Y              |g              |    6.134|
Z              |a              |    6.644|
Z              |b              |    6.257|
Z              |c              |    6.287|
Z              |d              |    6.089|
Z              |e              |    6.852|
Z              |f              |    6.890|
Z              |g              |    6.356|
---------------+---------------+---------+


Analysis completed Mon Sep 06 22:06:06 2021 
--------------------------------------------------------------------------------

Trace Settings:
-------------------------
Trace Settings 

Peak Memory Usage: 4571 MB



