
****** PlanAhead v14.7
  **** Build 321239 by xbuild on Fri Sep 27 19:31:35 MDT 2013
    ** Copyright 1986-1999, 2001-2013 Xilinx, Inc. All Rights Reserved.

INFO: [Common 17-78] Attempting to get a license: PlanAhead
INFO: [Common 17-290] Got license for PlanAhead
INFO: [Device 21-36] Loading parts and site information from D:/ProgramData/Xilinx/14.7/ISE_DS/PlanAhead/data/parts/arch.xml
Parsing RTL primitives file [D:/ProgramData/Xilinx/14.7/ISE_DS/PlanAhead/data/parts/xilinx/rtl/prims/rtl_prims.xml]
Finished parsing RTL primitives file [D:/ProgramData/Xilinx/14.7/ISE_DS/PlanAhead/data/parts/xilinx/rtl/prims/rtl_prims.xml]
start_gui
source D:/Workers/Xilinx/truthtable/pa.fromHdl.tcl
# create_project -name truthtable -dir "D:/Workers/Xilinx/truthtable/planAhead_run_1" -part xc6slx9tqg144-3
# set_param project.pinAheadLayout yes
# set srcset [get_property srcset [current_run -impl]]
# set_property target_constrs_file "curcuit.ucf" [current_fileset -constrset]
Adding file 'D:/Workers/Xilinx/truthtable/curcuit.ucf' to fileset 'constrs_1'
# set hdlfile [add_files [list {curcuit.vf}]]
# set_property file_type Verilog $hdlfile
# set_property library work $hdlfile
# set_property top curcuit $srcset
# add_files [list {curcuit.ucf}] -fileset [get_property constrset [current_run]]
# open_rtl_design -part xc6slx9tqg144-3
Using Verific elaboration
Parsing VHDL file "D:/ProgramData/Xilinx/14.7/ISE_DS/PlanAhead/data/parts/xilinx/rtl/lib/synplify/synattr.vhd" into library synplify
Analyzing Verilog file "D:/Workers/Xilinx/truthtable/curcuit.vf" into library work
Loading clock regions from D:/ProgramData/Xilinx/14.7/ISE_DS/PlanAhead/data\parts/xilinx/spartan6/spartan6lx/xc6slx9/ClockRegion.xml
Loading clock buffers from D:/ProgramData/Xilinx/14.7/ISE_DS/PlanAhead/data\parts/xilinx/spartan6/spartan6lx/xc6slx9/ClockBuffers.xml
Loading package pin functions from D:/ProgramData/Xilinx/14.7/ISE_DS/PlanAhead/data\parts/xilinx/spartan6/PinFunctions.xml...
Loading package from D:/ProgramData/Xilinx/14.7/ISE_DS/PlanAhead/data\parts/xilinx/spartan6/spartan6lx/xc6slx9/tqg144/Package.xml
Loading io standards from D:/ProgramData/Xilinx/14.7/ISE_DS/PlanAhead/data\./parts/xilinx/spartan6/IOStandards.xml
Loading device configuration modes from D:/ProgramData/Xilinx/14.7/ISE_DS/PlanAhead/data\parts/xilinx/spartan6/ConfigModes.xml
Loading list of drcs for the architecture : D:/ProgramData/Xilinx/14.7/ISE_DS/PlanAhead/data\./parts/xilinx/spartan6/drc.xml
Parsing UCF File [D:/Workers/Xilinx/truthtable/curcuit.ucf]
Finished Parsing UCF File [D:/Workers/Xilinx/truthtable/curcuit.ucf]
INFO: [Project 1-111] Unisim Transformation Summary:
No Unisim elements were transformed.

Phase 0 | Netlist Checksum: 206805b0
open_rtl_design: Time (s): elapsed = 00:00:13 . Memory (MB): peak = 557.977 ; gain = 112.324
update_compile_order -fileset sim_1
startgroup
set_property package_pin P55 [get_ports A]
endgroup
startgroup
set_property package_pin P56 [get_ports B]
endgroup
startgroup
set_property package_pin P57 [get_ports C]
endgroup
startgroup
set_property package_pin P58 [get_ports D]
endgroup
startgroup
set_property package_pin P59 [get_ports E]
endgroup
startgroup
set_property package_pin P82 [get_ports O]
endgroup
save_constraints
exit
ERROR: [Common 17-39] 'stop_gui' failed due to earlier errors.
INFO: [Common 17-206] Exiting PlanAhead at Tue Nov 23 10:56:17 2021...
INFO: [Common 17-83] Releasing license: PlanAhead
