Running: D:\ProgramData\Xilinx\14.7\ISE_DS\ISE\bin\nt64\unwrapped\fuse.exe -intstyle ise -incremental -lib unisims_ver -lib unimacro_ver -lib xilinxcorelib_ver -lib secureip -o D:/Workers/Xilinx/CountEven/CounterEven_isim_beh.exe -prj D:/Workers/Xilinx/CountEven/CounterEven_beh.prj work.CounterEven work.glbl 
ISim P.20131013 (signature 0x7708f090)
Number of CPUs detected in this system: 8
Turning on mult-threading, number of parallel sub-compilation jobs: 16 
Determining compilation order of HDL files
Analyzing Verilog file "D:/Workers/Xilinx/CountEven/CounterEven.vf" into library work
Analyzing Verilog file "D:/ProgramData/Xilinx/14.7/ISE_DS/ISE//verilog/src/glbl.v" into library work
Starting static elaboration
Completed static elaboration
Compiling module FJKC_HXILINX_CounterEven
Compiling module GND
Compiling module VCC
Compiling module AND2
Compiling module CounterEven
Compiling module glbl
Time Resolution for simulation is 1ps.
Compiled 6 Verilog Units
Built simulation executable D:/Workers/Xilinx/CountEven/CounterEven_isim_beh.exe
Fuse Memory Usage: 27992 KB
Fuse CPU Usage: 577 ms
