ISim log file
Running: D:\Workers\Xilinx\lab05\segment_segment_sch_tb_isim_beh.exe -intstyle ise -gui -tclbatch isim.cmd -wdb D:/Workers/Xilinx/lab05/segment_segment_sch_tb_isim_beh.wdb 
ISim P.20131013 (signature 0x7708f090)
This is a Full version of ISim.
Time resolution is 1 ps
# onerror resume
# wave add /
# run 1000 ns
Simulator is doing circuit initialization process.
Finished circuit initialization process.
0 0 0 0 : 1 1 1 1 1 0 0
0 0 0 1 : 0 1 1 0 0 0 0
0 0 1 0 : 1 1 0 1 1 0 1
0 0 1 1 : 1 1 1 1 1 0 1
0 1 0 0 : 0 1 1 0 0 1 1
0 1 0 1 : 1 0 1 1 0 1 1
0 1 1 1 : 1 1 1 0 1 0 0
1 0 0 0 : 1 1 1 1 1 1 1
1 0 0 1 : 1 1 1 1 0 1 1
Stopped at time : 45 ns : File "D:/Workers/Xilinx/lab05/test.v" Line 85
