--------------------------------------------------------------------------------
Release 14.7 Trace  (nt64)
Copyright (c) 1995-2013 Xilinx, Inc.  All rights reserved.

D:\Xilinx\14.7\ISE_DS\ISE\bin\nt64\unwrapped\trce.exe -intstyle ise -v 3 -s 3
-n 3 -fastpaths -xml segment.twx segment.ncd -o segment.twr segment.pcf

Design file:              segment.ncd
Physical constraint file: segment.pcf
Device,package,speed:     xc6slx9,tqg144,C,-3 (PRODUCTION 1.23 2013-10-13)
Report level:             verbose report

Environment Variable      Effect 
--------------------      ------ 
NONE                      No environment variables were set
--------------------------------------------------------------------------------

INFO:Timing:2698 - No timing constraints found, doing default enumeration.
INFO:Timing:3412 - To improve timing, see the Timing Closure User Guide (UG612).
INFO:Timing:2752 - To get complete path coverage, use the unconstrained paths 
   option. All paths that are not constrained will be reported in the 
   unconstrained paths section(s) of the report.
INFO:Timing:3339 - The clock-to-out numbers in this timing report are based on 
   a 50 Ohm transmission line loading model.  For the details of this model, 
   and for more information on accounting for different loading conditions, 
   please see the device datasheet.



Data Sheet report:
-----------------
All values displayed in nanoseconds (ns)

Pad to Pad
---------------+---------------+---------+
Source Pad     |Destination Pad|  Delay  |
---------------+---------------+---------+
A              |a1             |    7.085|
A              |d1             |    7.175|
A              |e1             |    6.905|
A              |f1             |    7.023|
A              |g1             |    7.148|
B              |a1             |    6.929|
B              |b1             |    6.799|
B              |c1             |    6.621|
B              |d1             |    7.300|
B              |e1             |    7.219|
B              |f1             |    7.108|
B              |g1             |    7.470|
C              |a1             |    6.894|
C              |b1             |    6.727|
C              |c1             |    6.952|
C              |d1             |    7.026|
C              |e1             |    6.506|
C              |f1             |    7.353|
C              |g1             |    7.715|
D              |a1             |    7.023|
D              |b1             |    6.998|
D              |c1             |    6.861|
D              |d1             |    7.123|
D              |e1             |    7.042|
D              |f1             |    6.782|
D              |g1             |    7.254|
---------------+---------------+---------+


Analysis completed Mon Sep 06 21:04:21 2021 
--------------------------------------------------------------------------------

Trace Settings:
-------------------------
Trace Settings 

Peak Memory Usage: 4571 MB



