--------------------------------------------------------------------------------
Release 14.7 Trace  (nt64)
Copyright (c) 1995-2013 Xilinx, Inc.  All rights reserved.

D:\ProgramData\Xilinx\14.7\ISE_DS\ISE\bin\nt64\unwrapped\trce.exe -intstyle ise
-v 3 -s 3 -n 3 -fastpaths -xml ALU.twx ALU.ncd -o ALU.twr ALU.pcf -ucf ALU.ucf

Design file:              ALU.ncd
Physical constraint file: ALU.pcf
Device,package,speed:     xc6slx9,tqg144,C,-3 (PRODUCTION 1.23 2013-10-13)
Report level:             verbose report

Environment Variable      Effect 
--------------------      ------ 
NONE                      No environment variables were set
--------------------------------------------------------------------------------

INFO:Timing:2698 - No timing constraints found, doing default enumeration.
INFO:Timing:3412 - To improve timing, see the Timing Closure User Guide (UG612).
INFO:Timing:2752 - To get complete path coverage, use the unconstrained paths 
   option. All paths that are not constrained will be reported in the 
   unconstrained paths section(s) of the report.
INFO:Timing:3339 - The clock-to-out numbers in this timing report are based on 
   a 50 Ohm transmission line loading model.  For the details of this model, 
   and for more information on accounting for different loading conditions, 
   please see the device datasheet.



Data Sheet report:
-----------------
All values displayed in nanoseconds (ns)

Clock XLXN_80 to Pad
------------+-----------------+------------+-----------------+------------+------------------+--------+
            |Max (slowest) clk|  Process   |Min (fastest) clk|  Process   |                  | Clock  |
Destination |  (edge) to PAD  |   Corner   |  (edge) to PAD  |   Corner   |Internal Clock(s) | Phase  |
------------+-----------------+------------+-----------------+------------+------------------+--------+
SEVSEG<0>   |        15.343(R)|      SLOW  |         7.736(R)|      FAST  |XLXN_80_BUFGP     |   0.000|
SEVSEG<1>   |        15.621(R)|      SLOW  |         7.606(R)|      FAST  |XLXN_80_BUFGP     |   0.000|
SEVSEG<2>   |        15.297(R)|      SLOW  |         7.481(R)|      FAST  |XLXN_80_BUFGP     |   0.000|
SEVSEG<3>   |        15.425(R)|      SLOW  |         7.554(R)|      FAST  |XLXN_80_BUFGP     |   0.000|
SEVSEG<4>   |        15.580(R)|      SLOW  |         7.450(R)|      FAST  |XLXN_80_BUFGP     |   0.000|
SEVSEG<5>   |        15.384(R)|      SLOW  |         7.487(R)|      FAST  |XLXN_80_BUFGP     |   0.000|
SEVSEG<6>   |        15.197(R)|      SLOW  |         7.420(R)|      FAST  |XLXN_80_BUFGP     |   0.000|
------------+-----------------+------------+-----------------+------------+------------------+--------+

Clock to Setup on destination clock OSC
---------------+---------+---------+---------+---------+
               | Src:Rise| Src:Fall| Src:Rise| Src:Fall|
Source Clock   |Dest:Rise|Dest:Rise|Dest:Fall|Dest:Fall|
---------------+---------+---------+---------+---------+
OSC            |         |         |         |    0.872|
---------------+---------+---------+---------+---------+

Clock to Setup on destination clock XLXN_80
---------------+---------+---------+---------+---------+
               | Src:Rise| Src:Fall| Src:Rise| Src:Fall|
Source Clock   |Dest:Rise|Dest:Rise|Dest:Fall|Dest:Fall|
---------------+---------+---------+---------+---------+
XLXN_80        |    1.264|         |         |         |
---------------+---------+---------+---------+---------+

Pad to Pad
---------------+---------------+---------+
Source Pad     |Destination Pad|  Delay  |
---------------+---------------+---------+
A<0>           |L1<0>          |    6.828|
A<0>           |SEVSEG<0>      |   14.396|
A<0>           |SEVSEG<1>      |   14.535|
A<0>           |SEVSEG<2>      |   14.298|
A<0>           |SEVSEG<3>      |   14.426|
A<0>           |SEVSEG<4>      |   14.633|
A<0>           |SEVSEG<5>      |   14.437|
A<0>           |SEVSEG<6>      |   14.040|
A<1>           |L1<1>          |    6.844|
A<1>           |SEVSEG<0>      |   14.025|
A<1>           |SEVSEG<1>      |   14.257|
A<1>           |SEVSEG<2>      |   14.020|
A<1>           |SEVSEG<3>      |   14.148|
A<1>           |SEVSEG<4>      |   14.262|
A<1>           |SEVSEG<5>      |   14.066|
A<1>           |SEVSEG<6>      |   13.833|
A<2>           |L1<2>          |    6.681|
A<2>           |SEVSEG<0>      |   14.431|
A<2>           |SEVSEG<1>      |   14.568|
A<2>           |SEVSEG<2>      |   14.453|
A<2>           |SEVSEG<3>      |   14.581|
A<2>           |SEVSEG<4>      |   14.584|
A<2>           |SEVSEG<5>      |   14.388|
A<2>           |SEVSEG<6>      |   14.195|
A<3>           |L1<3>          |    7.238|
A<3>           |SEVSEG<0>      |   13.590|
A<3>           |SEVSEG<1>      |   13.868|
A<3>           |SEVSEG<2>      |   13.486|
A<3>           |SEVSEG<3>      |   13.640|
A<3>           |SEVSEG<4>      |   13.827|
A<3>           |SEVSEG<5>      |   13.631|
A<3>           |SEVSEG<6>      |   13.444|
A<4>           |L1<4>          |    6.665|
A<4>           |SEVSEG<0>      |   14.645|
A<4>           |SEVSEG<1>      |   14.782|
A<4>           |SEVSEG<2>      |   14.667|
A<4>           |SEVSEG<3>      |   14.795|
A<4>           |SEVSEG<4>      |   14.798|
A<4>           |SEVSEG<5>      |   14.602|
A<4>           |SEVSEG<6>      |   14.409|
A<5>           |L1<5>          |    5.767|
A<5>           |SEVSEG<0>      |   12.844|
A<5>           |SEVSEG<1>      |   13.122|
A<5>           |SEVSEG<2>      |   12.705|
A<5>           |SEVSEG<3>      |   12.894|
A<5>           |SEVSEG<4>      |   13.081|
A<5>           |SEVSEG<5>      |   12.885|
A<5>           |SEVSEG<6>      |   12.698|
A<6>           |L1<6>          |    5.882|
A<6>           |SEVSEG<0>      |   12.894|
A<6>           |SEVSEG<1>      |   13.172|
A<6>           |SEVSEG<2>      |   12.755|
A<6>           |SEVSEG<3>      |   12.944|
A<6>           |SEVSEG<4>      |   13.131|
A<6>           |SEVSEG<5>      |   12.935|
A<6>           |SEVSEG<6>      |   12.748|
A<7>           |L1<7>          |    6.114|
A<7>           |SEVSEG<0>      |   12.715|
A<7>           |SEVSEG<1>      |   12.993|
A<7>           |SEVSEG<2>      |   12.576|
A<7>           |SEVSEG<3>      |   12.765|
A<7>           |SEVSEG<4>      |   12.952|
A<7>           |SEVSEG<5>      |   12.756|
A<7>           |SEVSEG<6>      |   12.569|
B<0>           |L2<0>          |    6.472|
B<0>           |SEVSEG<0>      |   14.453|
B<0>           |SEVSEG<1>      |   14.663|
B<0>           |SEVSEG<2>      |   14.355|
B<0>           |SEVSEG<3>      |   14.483|
B<0>           |SEVSEG<4>      |   14.690|
B<0>           |SEVSEG<5>      |   14.494|
B<0>           |SEVSEG<6>      |   14.239|
B<1>           |L2<1>          |    6.359|
B<1>           |SEVSEG<0>      |   14.491|
B<1>           |SEVSEG<1>      |   14.630|
B<1>           |SEVSEG<2>      |   14.437|
B<1>           |SEVSEG<3>      |   14.565|
B<1>           |SEVSEG<4>      |   14.728|
B<1>           |SEVSEG<5>      |   14.532|
B<1>           |SEVSEG<6>      |   14.191|
B<2>           |L2<2>          |    6.629|
B<2>           |SEVSEG<0>      |   14.588|
B<2>           |SEVSEG<1>      |   14.866|
B<2>           |SEVSEG<2>      |   14.490|
B<2>           |SEVSEG<3>      |   14.638|
B<2>           |SEVSEG<4>      |   14.825|
B<2>           |SEVSEG<5>      |   14.629|
B<2>           |SEVSEG<6>      |   14.442|
B<3>           |L2<3>          |    7.678|
B<3>           |SEVSEG<0>      |   14.205|
B<3>           |SEVSEG<1>      |   14.342|
B<3>           |SEVSEG<2>      |   14.227|
B<3>           |SEVSEG<3>      |   14.355|
B<3>           |SEVSEG<4>      |   14.358|
B<3>           |SEVSEG<5>      |   14.162|
B<3>           |SEVSEG<6>      |   13.969|
B<4>           |L2<4>          |    7.966|
B<4>           |SEVSEG<0>      |   14.117|
B<4>           |SEVSEG<1>      |   14.395|
B<4>           |SEVSEG<2>      |   14.131|
B<4>           |SEVSEG<3>      |   14.259|
B<4>           |SEVSEG<4>      |   14.354|
B<4>           |SEVSEG<5>      |   14.158|
B<4>           |SEVSEG<6>      |   13.971|
B<5>           |L2<5>          |    8.380|
B<5>           |SEVSEG<0>      |   14.338|
B<5>           |SEVSEG<1>      |   14.616|
B<5>           |SEVSEG<2>      |   14.199|
B<5>           |SEVSEG<3>      |   14.388|
B<5>           |SEVSEG<4>      |   14.575|
B<5>           |SEVSEG<5>      |   14.379|
B<5>           |SEVSEG<6>      |   14.192|
B<6>           |L2<6>          |    7.709|
B<6>           |SEVSEG<0>      |   13.654|
B<6>           |SEVSEG<1>      |   13.932|
B<6>           |SEVSEG<2>      |   13.515|
B<6>           |SEVSEG<3>      |   13.704|
B<6>           |SEVSEG<4>      |   13.891|
B<6>           |SEVSEG<5>      |   13.695|
B<6>           |SEVSEG<6>      |   13.508|
B<7>           |L2<7>          |    7.903|
B<7>           |SEVSEG<0>      |   13.807|
B<7>           |SEVSEG<1>      |   14.085|
B<7>           |SEVSEG<2>      |   13.668|
B<7>           |SEVSEG<3>      |   13.857|
B<7>           |SEVSEG<4>      |   14.044|
B<7>           |SEVSEG<5>      |   13.848|
B<7>           |SEVSEG<6>      |   13.661|
---------------+---------------+---------+


Analysis completed Sun Nov 14 17:46:14 2021 
--------------------------------------------------------------------------------

Trace Settings:
-------------------------
Trace Settings 

Peak Memory Usage: 4571 MB



