ISim log file
Running: D:\Workers\Xilinx\Counter06\Counter0_6_Counter0_6_sch_tb_isim_beh.exe -intstyle ise -gui -tclbatch isim.cmd -wdb D:/Workers/Xilinx/Counter06/Counter0_6_Counter0_6_sch_tb_isim_beh.wdb 
ISim P.20131013 (signature 0x7708f090)
This is a Full version of ISim.
Time resolution is 1 ps
# onerror resume
# wave add /
# run 1000 ns
Simulator is doing circuit initialization process.
Finished circuit initialization process.
0 0 0
0 0 1
0 1 0
0 1 1
1 0 0
1 0 1
1 1 0
0 0 0
0 0 1
0 1 0
0 1 1
1 0 0
1 0 1
1 1 0
0 0 0
0 0 1
0 1 0
0 1 1
1 0 0
1 0 1
1 1 0
0 0 0
0 0 1
0 1 0
0 1 1
1 0 0
1 0 1
1 1 0
0 0 0
0 0 1
0 1 0
0 1 1
1 0 0
1 0 1
1 1 0
0 0 0
0 0 1
0 1 0
0 1 1
1 0 0
1 0 1
1 1 0
0 0 0
0 0 1
0 1 0
0 1 1
1 0 0
1 0 1
1 1 0
0 0 0
0 0 1
