Release 14.7 - xst P.20131013 (nt64)
Copyright (c) 1995-2013 Xilinx, Inc.  All rights reserved.
--> Parameter TMPDIR set to xst/projnav.tmp


Total REAL time to Xst completion: 1.00 secs
Total CPU time to Xst completion: 0.10 secs
 
--> Parameter xsthdpdir set to xst


Total REAL time to Xst completion: 1.00 secs
Total CPU time to Xst completion: 0.10 secs
 
--> Reading design: Lab06_Schematic.prj

TABLE OF CONTENTS
  1) Synthesis Options Summary
  2) HDL Parsing
  3) HDL Elaboration
  4) HDL Synthesis
       4.1) HDL Synthesis Report
  5) Advanced HDL Synthesis
       5.1) Advanced HDL Synthesis Report
  6) Low Level Synthesis
  7) Partition Report
  8) Design Summary
       8.1) Primitive and Black Box Usage
       8.2) Device utilization summary
       8.3) Partition Resource Summary
       8.4) Timing Report
            8.4.1) Clock Information
            8.4.2) Asynchronous Control Signals Information
            8.4.3) Timing Summary
            8.4.4) Timing Details
            8.4.5) Cross Clock Domains Report


=========================================================================
*                      Synthesis Options Summary                        *
=========================================================================
---- Source Parameters
Input File Name                    : "Lab06_Schematic.prj"
Ignore Synthesis Constraint File   : NO

---- Target Parameters
Output File Name                   : "Lab06_Schematic"
Output Format                      : NGC
Target Device                      : xc6slx9-3-tqg144

---- Source Options
Top Module Name                    : Lab06_Schematic
Automatic FSM Extraction           : YES
FSM Encoding Algorithm             : Auto
Safe Implementation                : No
FSM Style                          : LUT
RAM Extraction                     : Yes
RAM Style                          : Auto
ROM Extraction                     : Yes
Shift Register Extraction          : YES
ROM Style                          : Auto
Resource Sharing                   : YES
Asynchronous To Synchronous        : NO
Shift Register Minimum Size        : 2
Use DSP Block                      : Auto
Automatic Register Balancing       : No

---- Target Options
LUT Combining                      : Auto
Reduce Control Sets                : Auto
Add IO Buffers                     : YES
Global Maximum Fanout              : 100000
Add Generic Clock Buffer(BUFG)     : 16
Register Duplication               : YES
Optimize Instantiated Primitives   : NO
Use Clock Enable                   : Auto
Use Synchronous Set                : Auto
Use Synchronous Reset              : Auto
Pack IO Registers into IOBs        : Auto
Equivalent register Removal        : YES

---- General Options
Optimization Goal                  : Speed
Optimization Effort                : 1
Power Reduction                    : NO
Keep Hierarchy                     : No
Netlist Hierarchy                  : As_Optimized
RTL Output                         : Yes
Global Optimization                : AllClockNets
Read Cores                         : YES
Write Timing Constraints           : NO
Cross Clock Analysis               : NO
Hierarchy Separator                : /
Bus Delimiter                      : <>
Case Specifier                     : Maintain
Slice Utilization Ratio            : 100
BRAM Utilization Ratio             : 100
DSP48 Utilization Ratio            : 100
Auto BRAM Packing                  : NO
Slice Utilization Ratio Delta      : 5

=========================================================================


=========================================================================
*                          HDL Parsing                                  *
=========================================================================
Analyzing Verilog file "D:\Workers\Xilinx\Lab06\CounterCLR.vf" into library work
Parsing module <FJKC_HXILINX_CounterCLR>.
Parsing module <CounterCLR>.
Analyzing Verilog file "D:\Workers\Xilinx\Lab06\Comparator.vf" into library work
Parsing module <Comparator>.
Analyzing Verilog file "D:\Workers\Xilinx\Lab06\BCD_Fix.vf" into library work
Parsing module <BCD_Fix>.
Analyzing Verilog file "D:\Workers\Xilinx\Lab06\Lab06_Schematic.vf" into library work
Parsing module <FJKC_HXILINX_Lab06_Schematic>.
Parsing module <Comparator_MUSER_Lab06_Schematic>.
Parsing module <CounterCLR_MUSER_Lab06_Schematic>.
Parsing module <Lab06_Schematic>.

=========================================================================
*                            HDL Elaboration                            *
=========================================================================

Elaborating module <Lab06_Schematic>.

Elaborating module <AND2>.

Elaborating module <BCD_Fix>.

Elaborating module <INV>.

Elaborating module <OR4>.

Elaborating module <OR3>.

Elaborating module <AND3>.

Elaborating module <OR5>.

Elaborating module <OR2>.

Elaborating module <CounterCLR_MUSER_Lab06_Schematic>.

Elaborating module <FJKC_HXILINX_Lab06_Schematic>.

Elaborating module <VCC>.

Elaborating module <Comparator_MUSER_Lab06_Schematic>.

Elaborating module <XOR2>.

Elaborating module <AND4B4>.

=========================================================================
*                           HDL Synthesis                               *
=========================================================================

Synthesizing Unit <Lab06_Schematic>.
    Related source file is "D:\Workers\Xilinx\Lab06\Lab06_Schematic.vf".
    Summary:
	no macro.
Unit <Lab06_Schematic> synthesized.

Synthesizing Unit <BCD_Fix>.
    Related source file is "D:\Workers\Xilinx\Lab06\BCD_Fix.vf".
    Summary:
	no macro.
Unit <BCD_Fix> synthesized.

Synthesizing Unit <CounterCLR_MUSER_Lab06_Schematic>.
    Related source file is "D:\Workers\Xilinx\Lab06\Lab06_Schematic.vf".
    Set property "HU_SET = XLXI_1_0" for instance <XLXI_1>.
    Set property "HU_SET = XLXI_3_2" for instance <XLXI_3>.
    Set property "HU_SET = XLXI_4_1" for instance <XLXI_4>.
    Set property "HU_SET = XLXI_143_3" for instance <XLXI_143>.
    Summary:
	no macro.
Unit <CounterCLR_MUSER_Lab06_Schematic> synthesized.

Synthesizing Unit <FJKC_HXILINX_Lab06_Schematic>.
    Related source file is "D:\Workers\Xilinx\Lab06\Lab06_Schematic.vf".
        INIT = 1'b0
    Found 1-bit register for signal <Q>.
    Summary:
	inferred   1 D-type flip-flop(s).
	inferred   2 Multiplexer(s).
Unit <FJKC_HXILINX_Lab06_Schematic> synthesized.

Synthesizing Unit <Comparator_MUSER_Lab06_Schematic>.
    Related source file is "D:\Workers\Xilinx\Lab06\Lab06_Schematic.vf".
    Summary:
	no macro.
Unit <Comparator_MUSER_Lab06_Schematic> synthesized.

=========================================================================
HDL Synthesis Report

Macro Statistics
# Registers                                            : 8
 1-bit register                                        : 8
# Multiplexers                                         : 16
 1-bit 2-to-1 multiplexer                              : 16

=========================================================================

=========================================================================
*                       Advanced HDL Synthesis                          *
=========================================================================


=========================================================================
Advanced HDL Synthesis Report

Macro Statistics
# Registers                                            : 8
 Flip-Flops                                            : 8
# Multiplexers                                         : 16
 1-bit 2-to-1 multiplexer                              : 16

=========================================================================

=========================================================================
*                         Low Level Synthesis                           *
=========================================================================

Optimizing unit <Lab06_Schematic> ...

Optimizing unit <CounterCLR_MUSER_Lab06_Schematic> ...

Optimizing unit <BCD_Fix> ...

Optimizing unit <FJKC_HXILINX_Lab06_Schematic> ...

Mapping all equations...
Building and optimizing final netlist ...
Found area constraint ratio of 100 (+ 5) on block Lab06_Schematic, actual ratio is 0.

Final Macro Processing ...

=========================================================================
Final Register Report

Macro Statistics
# Registers                                            : 8
 Flip-Flops                                            : 8

=========================================================================

=========================================================================
*                           Partition Report                            *
=========================================================================

Partition Implementation Status
-------------------------------

  No Partitions were found in this design.

-------------------------------

=========================================================================
*                            Design Summary                             *
=========================================================================

Top Level Output File Name         : Lab06_Schematic.ngc

Primitive and Black Box Usage:
------------------------------
# BELS                             : 117
#      AND2                        : 38
#      AND3                        : 4
#      AND4B4                      : 1
#      INV                         : 46
#      LUT2                        : 4
#      LUT3                        : 6
#      OR2                         : 2
#      OR3                         : 4
#      OR4                         : 6
#      OR5                         : 2
#      XOR2                        : 4
# FlipFlops/Latches                : 8
#      FDC                         : 4
#      FDCE                        : 4
# IO Buffers                       : 27
#      IBUF                        : 4
#      OBUF                        : 23

Device utilization summary:
---------------------------

Selected Device : 6slx9tqg144-3 


Slice Logic Utilization: 
 Number of Slice Registers:               8  out of  11440     0%  
 Number of Slice LUTs:                   56  out of   5720     0%  
    Number used as Logic:                56  out of   5720     0%  

Slice Logic Distribution: 
 Number of LUT Flip Flop pairs used:     64
   Number with an unused Flip Flop:      56  out of     64    87%  
   Number with an unused LUT:             8  out of     64    12%  
   Number of fully used LUT-FF pairs:     0  out of     64     0%  
   Number of unique control sets:         8

IO Utilization: 
 Number of IOs:                          27
 Number of bonded IOBs:                  27  out of    102    26%  

Specific Feature Utilization:

---------------------------
Partition Resource Summary:
---------------------------

  No Partitions were found in this design.

---------------------------


=========================================================================
Timing Report

NOTE: THESE TIMING NUMBERS ARE ONLY A SYNTHESIS ESTIMATE.
      FOR ACCURATE TIMING INFORMATION PLEASE REFER TO THE TRACE REPORT
      GENERATED AFTER PLACE-and-ROUTE.

Clock Information:
------------------
-----------------------------------+-----------------------------+-------+
Clock Signal                       | Clock buffer(FF name)       | Load  |
-----------------------------------+-----------------------------+-------+
XLXN_414(XLXI_233:O)               | NONE(*)(XLXI_256/XLXI_143/Q)| 4     |
XLXN_415(XLXI_234:O)               | NONE(*)(XLXI_257/XLXI_143/Q)| 4     |
-----------------------------------+-----------------------------+-------+
(*) These 2 clock signal(s) are generated by combinatorial logic,
and XST is not able to identify which are the primary clock signals.
Please use the CLOCK_SIGNAL constraint to specify the clock signal(s) generated by combinatorial logic.
INFO:Xst:2169 - HDL ADVISOR - Some clock signals were not automatically buffered by XST with BUFG/BUFR resources. Please use the buffer_type constraint in order to insert these buffers to the clock signals to help prevent skew problems.

Asynchronous Control Signals Information:
----------------------------------------
No asynchronous control signals found in this design

Timing Summary:
---------------
Speed Grade: -3

   Minimum period: 3.994ns (Maximum Frequency: 250.404MHz)
   Minimum input arrival time before clock: 2.454ns
   Maximum output required time after clock: 7.612ns
   Maximum combinational path delay: No path found

Timing Details:
---------------
All values displayed in nanoseconds (ns)

=========================================================================
Timing constraint: Default period analysis for Clock 'XLXN_414'
  Clock period: 3.994ns (frequency: 250.404MHz)
  Total number of paths / destination ports: 23 / 6
-------------------------------------------------------------------------
Delay:               3.994ns (Levels of Logic = 3)
  Source:            XLXI_256/XLXI_1/Q (FF)
  Destination:       XLXI_256/XLXI_4/Q (FF)
  Source Clock:      XLXN_414 rising
  Destination Clock: XLXN_414 rising

  Data Path: XLXI_256/XLXI_1/Q to XLXI_256/XLXI_4/Q
                                Gate     Net
    Cell:in->out      fanout   Delay   Delay  Logical Name (Net Name)
    ----------------------------------------  ------------
     FDC:C->Q             23   0.447   1.498  Q (Q)
     end scope: 'XLXI_256/XLXI_1:Q'
     AND2:I1->O            2   0.223   0.721  XLXI_256/XLXI_21 (XLXI_256/XLXN_48)
     begin scope: 'XLXI_256/XLXI_4:J'
     LUT2:I0->O            1   0.203   0.579  _n0008_inv1 (_n0008_inv)
     FDCE:CE                   0.322          Q
    ----------------------------------------
    Total                      3.994ns (1.195ns logic, 2.799ns route)
                                       (29.9% logic, 70.1% route)

=========================================================================
Timing constraint: Default period analysis for Clock 'XLXN_415'
  Clock period: 3.994ns (frequency: 250.404MHz)
  Total number of paths / destination ports: 23 / 6
-------------------------------------------------------------------------
Delay:               3.994ns (Levels of Logic = 3)
  Source:            XLXI_257/XLXI_1/Q (FF)
  Destination:       XLXI_257/XLXI_4/Q (FF)
  Source Clock:      XLXN_415 rising
  Destination Clock: XLXN_415 rising

  Data Path: XLXI_257/XLXI_1/Q to XLXI_257/XLXI_4/Q
                                Gate     Net
    Cell:in->out      fanout   Delay   Delay  Logical Name (Net Name)
    ----------------------------------------  ------------
     FDC:C->Q             23   0.447   1.498  Q (Q)
     end scope: 'XLXI_257/XLXI_1:Q'
     AND2:I1->O            2   0.223   0.721  XLXI_257/XLXI_21 (XLXI_257/XLXN_48)
     begin scope: 'XLXI_257/XLXI_4:J'
     LUT2:I0->O            1   0.203   0.579  _n0008_inv1 (_n0008_inv)
     FDCE:CE                   0.322          Q
    ----------------------------------------
    Total                      3.994ns (1.195ns logic, 2.799ns route)
                                       (29.9% logic, 70.1% route)

=========================================================================
Timing constraint: Default OFFSET IN BEFORE for Clock 'XLXN_414'
  Total number of paths / destination ports: 4 / 4
-------------------------------------------------------------------------
Offset:              2.454ns (Levels of Logic = 2)
  Source:            CLR (PAD)
  Destination:       XLXI_256/XLXI_143/Q (FF)
  Destination Clock: XLXN_414 rising

  Data Path: CLR to XLXI_256/XLXI_143/Q
                                Gate     Net
    Cell:in->out      fanout   Delay   Delay  Logical Name (Net Name)
    ----------------------------------------  ------------
     IBUF:I->O             8   1.222   0.802  CLR_IBUF (CLR_IBUF)
     begin scope: 'XLXI_256/XLXI_143:CLR'
     FDCE:CLR                  0.430          Q
    ----------------------------------------
    Total                      2.454ns (1.652ns logic, 0.802ns route)
                                       (67.3% logic, 32.7% route)

=========================================================================
Timing constraint: Default OFFSET IN BEFORE for Clock 'XLXN_415'
  Total number of paths / destination ports: 4 / 4
-------------------------------------------------------------------------
Offset:              2.454ns (Levels of Logic = 2)
  Source:            CLR (PAD)
  Destination:       XLXI_257/XLXI_143/Q (FF)
  Destination Clock: XLXN_415 rising

  Data Path: CLR to XLXI_257/XLXI_143/Q
                                Gate     Net
    Cell:in->out      fanout   Delay   Delay  Logical Name (Net Name)
    ----------------------------------------  ------------
     IBUF:I->O             8   1.222   0.802  CLR_IBUF (CLR_IBUF)
     begin scope: 'XLXI_257/XLXI_143:CLR'
     FDCE:CLR                  0.430          Q
    ----------------------------------------
    Total                      2.454ns (1.652ns logic, 0.802ns route)
                                       (67.3% logic, 32.7% route)

=========================================================================
Timing constraint: Default OFFSET OUT AFTER for Clock 'XLXN_415'
  Total number of paths / destination ports: 50 / 12
-------------------------------------------------------------------------
Offset:              7.612ns (Levels of Logic = 5)
  Source:            XLXI_257/XLXI_1/Q (FF)
  Destination:       Aa (PAD)
  Source Clock:      XLXN_415 rising

  Data Path: XLXI_257/XLXI_1/Q to Aa
                                Gate     Net
    Cell:in->out      fanout   Delay   Delay  Logical Name (Net Name)
    ----------------------------------------  ------------
     FDC:C->Q             23   0.447   1.153  Q (Q)
     end scope: 'XLXI_257/XLXI_1:Q'
     INV:I->O              1   0.568   0.944  XLXI_251/XLXI_2 (XLXI_251/XLXN_6)
     AND2:I0->O            1   0.203   0.808  XLXI_251/XLXI_4 (XLXI_251/XLXN_7)
     OR4:I3->O             1   0.339   0.579  XLXI_251/XLXI_6 (Aa_OBUF)
     OBUF:I->O                 2.571          Aa_OBUF (Aa)
    ----------------------------------------
    Total                      7.612ns (4.128ns logic, 3.484ns route)
                                       (54.2% logic, 45.8% route)

=========================================================================
Timing constraint: Default OFFSET OUT AFTER for Clock 'XLXN_414'
  Total number of paths / destination ports: 50 / 12
-------------------------------------------------------------------------
Offset:              7.612ns (Levels of Logic = 5)
  Source:            XLXI_256/XLXI_1/Q (FF)
  Destination:       Ba (PAD)
  Source Clock:      XLXN_414 rising

  Data Path: XLXI_256/XLXI_1/Q to Ba
                                Gate     Net
    Cell:in->out      fanout   Delay   Delay  Logical Name (Net Name)
    ----------------------------------------  ------------
     FDC:C->Q             23   0.447   1.153  Q (Q)
     end scope: 'XLXI_256/XLXI_1:Q'
     INV:I->O              1   0.568   0.944  XLXI_252/XLXI_2 (XLXI_252/XLXN_6)
     AND2:I0->O            1   0.203   0.808  XLXI_252/XLXI_4 (XLXI_252/XLXN_7)
     OR4:I3->O             1   0.339   0.579  XLXI_252/XLXI_6 (Ba_OBUF)
     OBUF:I->O                 2.571          Ba_OBUF (Ba)
    ----------------------------------------
    Total                      7.612ns (4.128ns logic, 3.484ns route)
                                       (54.2% logic, 45.8% route)

=========================================================================

Cross Clock Domains Report:
--------------------------

Clock to Setup on destination clock XLXN_414
---------------+---------+---------+---------+---------+
               | Src:Rise| Src:Fall| Src:Rise| Src:Fall|
Source Clock   |Dest:Rise|Dest:Rise|Dest:Fall|Dest:Fall|
---------------+---------+---------+---------+---------+
XLXN_414       |    3.994|         |         |         |
---------------+---------+---------+---------+---------+

Clock to Setup on destination clock XLXN_415
---------------+---------+---------+---------+---------+
               | Src:Rise| Src:Fall| Src:Rise| Src:Fall|
Source Clock   |Dest:Rise|Dest:Rise|Dest:Fall|Dest:Fall|
---------------+---------+---------+---------+---------+
XLXN_415       |    3.994|         |         |         |
---------------+---------+---------+---------+---------+

=========================================================================


Total REAL time to Xst completion: 6.00 secs
Total CPU time to Xst completion: 5.13 secs
 
--> 

Total memory usage is 4486120 kilobytes

Number of errors   :    0 (   0 filtered)
Number of warnings :    0 (   0 filtered)
Number of infos    :    1 (   0 filtered)

